==============================================================================
Suites                                                                        
==============================================================================
Suites.Invalid Credential Tests :: This file test the invalid credentail er...
==============================================================================
TC1                                                                   | FAIL |
Variable '${username}' not found.
------------------------------------------------------------------------------
TC1                                                                   | FAIL |
Variable '${username}' not found.
------------------------------------------------------------------------------
Suites.Invalid Credential Tests :: This file test the invalid cred... | FAIL |
2 critical tests, 0 passed, 2 failed
2 tests total, 0 passed, 2 failed
==============================================================================
Suites                                                                | FAIL |
2 critical tests, 0 passed, 2 failed
2 tests total, 0 passed, 2 failed
==============================================================================
Output:  C:\Users\eswakui\Desktop\robot\robotworkspace\OpenEmr\OpenEmr\pabot_results\0\output.xml
